<?xml version="1.0" encoding="UTF-8"?>
<testsuite xmlns:xsi="http://www.w3.org/2001/XMLSchema-instance" xsi:noNamespaceSchemaLocation="https://maven.apache.org/surefire/maven-surefire-plugin/xsd/surefire-test-report.xsd" name="cucumber.Options.CucumberRunnerTest" time="15.617" tests="10" errors="0" skipped="0" failures="0">
  <properties>
[...]
</properties>
  <testcase name="Verify trivial public API returning correct current date &amp; time value" classname="Validating trivial public API" time="4.655"/>
  <testcase name="Verify trivial public API returning correct date &amp; time for lower side boundry value" classname="Validating trivial public API" time="0.978"/>
  <testcase name="Verify trivial public API returning Error message for outside lower boundry value" classname="Validating trivial public API" time="0.984"/>
  <testcase name="Verify trivial public API returning correct date &amp; time for zero value" classname="Validating trivial public API" time="0.984"/>
  <testcase name="Verify trivial public API returning correct date &amp; time for higher side boundry value" classname="Validating trivial public API" time="1.346"/>
  <testcase name="Verify trivial public API returning Error message for outside higher boundry value" classname="Validating trivial public API" time="1.088"/>
  <testcase name="Verify trivial public API returning Error message for blank value" classname="Validating trivial public API" time="0.936"/>
  <testcase name="Verify trivial public API returning Error message for unix time greater than 10 digits" classname="Validating trivial public API" time="0.952"/>
  <testcase name="Verify trivial public API returning correct date &amp; time for unix time less than 10 digits" classname="Validating trivial public API" time="0.94"/>
  <testcase name="Verify trivial public API returning Error message for invalid string as unix time" classname="Validating trivial public API" time="1.073"/>
</testsuite>